/*C14*/SET SCHEMA PUBLIC
INSERT INTO MESSAGES VALUES(0,0,0,' belepett.','2017-05-17 23:26:14.684000')
COMMIT
/*C16*/SET SCHEMA PUBLIC
INSERT INTO MESSAGES VALUES(1,0,0,'INVITEUSER','2017-05-17 23:26:21.738000')
COMMIT
/*C19*/SET SCHEMA PUBLIC
INSERT INTO GROUP_USER VALUES(2,0,1)
COMMIT
/*C32*/SET SCHEMA PUBLIC
INSERT INTO MESSAGES VALUES(2,0,1,' belepett.','2017-05-17 23:27:06.485000')
COMMIT
/*C34*/SET SCHEMA PUBLIC
INSERT INTO MESSAGES VALUES(3,0,1,'hali','2017-05-17 23:27:16.340000')
COMMIT
/*C36*/SET SCHEMA PUBLIC
INSERT INTO MESSAGES VALUES(4,0,0,'hy','2017-05-17 23:27:24.294000')
COMMIT
/*C38*/SET SCHEMA PUBLIC
INSERT INTO MESSAGES VALUES(5,0,1,'exit','2017-05-17 23:27:28.566000')
COMMIT
/*C44*/SET SCHEMA PUBLIC
INSERT INTO MESSAGES VALUES(6,0,0,'exit','2017-05-17 23:28:21.904000')
COMMIT
